ERROR [2018-08-10 18:13:12] [navi.clicks]  Message: 'chromedriver' executable needs to be in PATH. Please see https://sites.google.com/a/chromium.org/chromedriver/home
Traceback (most recent call last):
  File "/Users/nmehrok/Desktop/vinsta/insta/instapy/instapy.py", line 300, in set_selenium_local_session
    chrome_options=chrome_options)
  File "/Users/nmehrok/Desktop/vinsta/insta/lib/python2.7/site-packages/selenium/webdriver/chrome/webdriver.py", line 62, in __init__
    self.service.start()
  File "/Users/nmehrok/Desktop/vinsta/insta/lib/python2.7/site-packages/selenium/webdriver/common/service.py", line 71, in start
    os.path.basename(self.path), self.start_error_message)
WebDriverException: Message: 'chromedriver' executable needs to be in PATH. Please see https://sites.google.com/a/chromium.org/chromedriver/home

INFO [2018-08-10 18:18:34] [navi.clicks]  Session started!
INFO [2018-08-10 18:18:49] [navi.clicks]  Logged in successfully!
INFO [2018-08-10 18:18:53] [navi.clicks]  Tag [1/1]
INFO [2018-08-10 18:18:53] [navi.clicks]  --> natgeo
INFO [2018-08-10 18:19:03] [navi.clicks]  desired amount: 1  |  top posts [disabled]: 9  |  possible posts: 12634570
INFO [2018-08-10 18:19:10] [navi.clicks]  [1/1]
INFO [2018-08-10 18:19:10] [navi.clicks]  https://www.instagram.com/p/BmUQjVYHGZY/?tagged=natgeo
INFO [2018-08-10 18:19:14] [navi.clicks]  Image from: mountain__inspired
INFO [2018-08-10 18:19:14] [navi.clicks]  Link: https://www.instagram.com/p/BmUQjVYHGZY/?tagged=natgeo
INFO [2018-08-10 18:19:14] [navi.clicks]  Description: What you would do if you could do anything, if you were able to live your dream life. How would your daily life look? What relationships would you have in your life? How would you chose to spend your time? Transport yourself to that space in time. How would you feel having your dream life? Let that feeling fill you up. Now think about what you could do now to get closer to that dream. What daily tasks would help you get there? What is lacking in your life? What are you going to do to change that? If you make daily decisions with this goal in mind and work each day towards achieving your dream eventually you will get it. Not today, not tomorrow. Probably not by next year. Probably not by the year after that. But if you stay determined eventually you will get what you desire. Eventually that dream life with be your daily reality. Not saying it won’t be hard to get there, but it will be worth it. In the end really, what is the alternative? #livelifeinspired ⛰

#ig_landscapes #hiking #outdoorculture #nature #wildernessculture #wearewild #exploretheboundary #exploremore #adventure #theoutbound #mtninspired #camping #colorado #wearealladventurers #adventuremore #optoutside #travelgram #discoverglobe #roamtheplanet #earthexperience #camping #natgeotravel #landscapephotography #scenicshots #mountainlife #earthofficial #liveyourdream #travel #natgeo
INFO [2018-08-10 18:19:18] [navi.clicks]  User: mountain__inspired >> followers: 5323  |  following: 753  |  relationship ratio: 0.14
INFO [2018-08-10 18:19:18] [navi.clicks]  User mountain__inspired's followers count exceeds maximum limit  ~skipping user

INFO [2018-08-10 18:19:18] [navi.clicks]  Tag: natgeo
INFO [2018-08-10 18:19:18] [navi.clicks]  Liked: 0
INFO [2018-08-10 18:19:18] [navi.clicks]  Already Liked: 0
INFO [2018-08-10 18:19:18] [navi.clicks]  Commented: 0
INFO [2018-08-10 18:19:18] [navi.clicks]  Followed: 0
INFO [2018-08-10 18:19:18] [navi.clicks]  Inappropriate: 0
INFO [2018-08-10 18:19:18] [navi.clicks]  Not valid users: 1

INFO [2018-08-10 18:19:18] [navi.clicks]  Session ended - 2018-08-10 18:19:18
INFO [2018-08-10 18:20:24] [navi.clicks]  Session started!
INFO [2018-08-10 18:20:58] [navi.clicks]  Logged in successfully!
INFO [2018-08-10 18:21:01] [navi.clicks]  Tag [1/1]
INFO [2018-08-10 18:21:01] [navi.clicks]  --> natgeo
INFO [2018-08-10 18:21:11] [navi.clicks]  desired amount: 1  |  top posts [disabled]: 9  |  possible posts: 12634593
INFO [2018-08-10 18:21:17] [navi.clicks]  [1/1]
INFO [2018-08-10 18:21:17] [navi.clicks]  https://www.instagram.com/p/BmUQy1tHyTP/?tagged=natgeo
INFO [2018-08-10 18:21:20] [navi.clicks]  Image from: manfredski
INFO [2018-08-10 18:21:20] [navi.clicks]  Link: https://www.instagram.com/p/BmUQy1tHyTP/?tagged=natgeo
INFO [2018-08-10 18:21:20] [navi.clicks]  Description: Un invierno de la "ostia" 😆
.
.
#fountain #square #park #sunny #cathedral #religion #blue #sky #bluesky #bsas #buenosaires #bsas_streetphotography #likebuenosaires #instagood #instagram #natgeo #natgeoyourshot #yourshotphotographer #tripadvisor #tour #city #plazademayo #
INFO [2018-08-10 18:21:23] [navi.clicks]  User: manfredski >> followers: 3310  |  following: 949  |  relationship ratio: 0.29
INFO [2018-08-10 18:21:23] [navi.clicks]  manfredski is not a massive follower with the relationship ratio of 0.29  ~skipping user

INFO [2018-08-10 18:21:23] [navi.clicks]  Tag: natgeo
INFO [2018-08-10 18:21:23] [navi.clicks]  Liked: 0
INFO [2018-08-10 18:21:23] [navi.clicks]  Already Liked: 0
INFO [2018-08-10 18:21:23] [navi.clicks]  Commented: 0
INFO [2018-08-10 18:21:23] [navi.clicks]  Followed: 0
INFO [2018-08-10 18:21:23] [navi.clicks]  Inappropriate: 0
INFO [2018-08-10 18:21:23] [navi.clicks]  Not valid users: 1

INFO [2018-08-10 18:21:23] [navi.clicks]  Session ended - 2018-08-10 18:21:23
INFO [2018-08-10 18:41:31] [navi.clicks]  Session started!
INFO [2018-08-10 18:42:05] [navi.clicks]  Logged in successfully!
INFO [2018-08-10 18:42:08] [navi.clicks]  Tag [1/1]
INFO [2018-08-10 18:42:08] [navi.clicks]  --> welivetoexplore
INFO [2018-08-10 18:42:16] [navi.clicks]  desired amount: 1  |  top posts [disabled]: 9  |  possible posts: 4909665
INFO [2018-08-10 18:42:23] [navi.clicks]  [1/1]
INFO [2018-08-10 18:42:23] [navi.clicks]  https://www.instagram.com/p/BmUTMHuF-jM/?tagged=welivetoexplore
INFO [2018-08-10 18:42:27] [navi.clicks]  Image from: rivera_________
INFO [2018-08-10 18:42:27] [navi.clicks]  Link: https://www.instagram.com/p/BmUTMHuF-jM/?tagged=welivetoexplore
INFO [2018-08-10 18:42:27] [navi.clicks]  Description: Todo es mejor en las montañas ⛰

#roamnation
#happyadventuring
#theoutbound #moodnation 
#earthoutdoors #allaboutadventures #roamtheplanet #welivetoexplore #earthspirit #discoverearth #35mm
INFO [2018-08-10 18:42:31] [navi.clicks]  User: rivera_________ >> followers: 2417  |  following: 1297  |  relationship ratio: 0.54
INFO [2018-08-10 18:42:31] [navi.clicks]  rivera_________ is not a massive follower with the relationship ratio of 0.54  ~skipping user

INFO [2018-08-10 18:42:31] [navi.clicks]  Tag: welivetoexplore
INFO [2018-08-10 18:42:31] [navi.clicks]  Liked: 0
INFO [2018-08-10 18:42:31] [navi.clicks]  Already Liked: 0
INFO [2018-08-10 18:42:31] [navi.clicks]  Commented: 0
INFO [2018-08-10 18:42:31] [navi.clicks]  Followed: 0
INFO [2018-08-10 18:42:31] [navi.clicks]  Inappropriate: 0
INFO [2018-08-10 18:42:31] [navi.clicks]  Not valid users: 1

INFO [2018-08-10 18:43:27] [navi.clicks]  Session ended - 2018-08-10 18:43:27
INFO [2018-08-10 18:46:07] [navi.clicks]  Session started!
INFO [2018-08-10 18:46:41] [navi.clicks]  Logged in successfully!
INFO [2018-08-10 18:46:43] [navi.clicks]  Tag [1/1]
INFO [2018-08-10 18:46:43] [navi.clicks]  --> welivetoexplore
INFO [2018-08-10 18:46:52] [navi.clicks]  desired amount: 1  |  top posts [disabled]: 9  |  possible posts: 4909675
INFO [2018-08-10 18:46:58] [navi.clicks]  [1/1]
INFO [2018-08-10 18:46:58] [navi.clicks]  https://www.instagram.com/p/BmUTsPjH2-4/?tagged=welivetoexplore
INFO [2018-08-10 18:47:02] [navi.clicks]  Image from: ra_chanell
INFO [2018-08-10 18:47:02] [navi.clicks]  Link: https://www.instagram.com/p/BmUTsPjH2-4/?tagged=welivetoexplore
INFO [2018-08-10 18:47:02] [navi.clicks]  Description: #tellus #adventureculture #departedoutdoors #worldcaptures #artofvisuals #travelawesome #followmefaraway #welivetoexplore #igshotz #travelandlife #welltravelled #justbackfrom #followmeto #whatsinmybag #cntravelereats #passportexpress #passionpassport #dametraveler #thattravelblog #traveltheworld #lonelyplanet #justgoshoot #worlderlust #wearetravelgirls #vacationgoals #takemethere #takemetherenow
INFO [2018-08-10 18:47:02] [navi.clicks]  --> Image not liked: Inappropriate! ~ contains "girl" in "wearetravelgirls"
INFO [2018-08-10 18:47:02] [navi.clicks]  Tag: welivetoexplore
INFO [2018-08-10 18:47:02] [navi.clicks]  Liked: 0
INFO [2018-08-10 18:47:02] [navi.clicks]  Already Liked: 0
INFO [2018-08-10 18:47:02] [navi.clicks]  Commented: 0
INFO [2018-08-10 18:47:02] [navi.clicks]  Followed: 0
INFO [2018-08-10 18:47:02] [navi.clicks]  Inappropriate: 1
INFO [2018-08-10 18:47:02] [navi.clicks]  Not valid users: 0

INFO [2018-08-10 18:47:02] [navi.clicks]  Session ended - 2018-08-10 18:47:02
